<?xml version="1.0" encoding="UTF-8"?>
<!-- Generated by org.testng.reporters.JUnitReportReporter -->
<testsuite hostname="RoGStrixG15" failures="0" tests="1" name="api.WeatherAPITest" time="2.828" errors="0" timestamp="2023-07-31T00:03:09 IST" skipped="0">
  <testcase classname="api.WeatherAPITest" name="testWeatherData" time="2.828"/>
</testsuite> <!-- api.WeatherAPITest -->
